<?xml version="1.0" encoding="UTF-8"?>
<!-- Generated by org.testng.reporters.JUnitXMLReporter -->
<testsuite hostname="LP-PC0MQFYK" ignored="0" name="Default test" tests="5" failures="0" timestamp="23 May 2018 18:31:06 GMT" time="99.252" errors="0">
  <testcase name="fbLoginPage" time="15.641" classname="OOP.InheritenceChild"/>
  <testcase name="Setup" time="75.047" classname="OOP.InheritenceBase"/>
  <testcase name="LoginPage" time="0.011" classname="OOP.InheritenceBase"/>
  <testcase name="SignUpPage" time="0.007" classname="OOP.InheritenceBase"/>
  <testcase name="LogoutPage" time="0.007" classname="OOP.InheritenceBase"/>
</testsuite> <!-- Default test -->
